Requirement already satisfied: numpy in /cluster/apps/nss/gcc-11.4.0/python/3.11.6/x86_64/lib64/python3.11/site-packages (1.26.2)
Requirement already satisfied: scipy in /cluster/apps/nss/gcc-11.4.0/python/3.11.6/x86_64/lib64/python3.11/site-packages (1.11.4)
Requirement already satisfied: matplotlib in /cluster/apps/nss/gcc-11.4.0/python/3.11.6/x86_64/lib64/python3.11/site-packages (3.8.2)
Requirement already satisfied: mpi4py in /cluster/home/barmstron/.local/lib64/python3.11/site-packages (3.1.6)
Requirement already satisfied: contourpy>=1.0.1 in /cluster/apps/nss/gcc-11.4.0/python/3.11.6/x86_64/lib64/python3.11/site-packages (from matplotlib) (1.2.0)
Requirement already satisfied: cycler>=0.10 in /cluster/apps/nss/gcc-11.4.0/python/3.11.6/x86_64/lib64/python3.11/site-packages (from matplotlib) (0.12.1)
Requirement already satisfied: fonttools>=4.22.0 in /cluster/apps/nss/gcc-11.4.0/python/3.11.6/x86_64/lib64/python3.11/site-packages (from matplotlib) (4.45.0)
Requirement already satisfied: kiwisolver>=1.3.1 in /cluster/apps/nss/gcc-11.4.0/python/3.11.6/x86_64/lib64/python3.11/site-packages (from matplotlib) (1.4.5)
Requirement already satisfied: packaging>=20.0 in /cluster/apps/nss/gcc-11.4.0/python/3.11.6/x86_64/lib64/python3.11/site-packages (from matplotlib) (23.2)
Requirement already satisfied: pillow>=8 in /cluster/apps/nss/gcc-11.4.0/python/3.11.6/x86_64/lib64/python3.11/site-packages (from matplotlib) (10.1.0)
Requirement already satisfied: pyparsing>=2.3.1 in /cluster/apps/nss/gcc-11.4.0/python/3.11.6/x86_64/lib64/python3.11/site-packages (from matplotlib) (3.1.1)
Requirement already satisfied: python-dateutil>=2.7 in /cluster/apps/nss/gcc-11.4.0/python/3.11.6/x86_64/lib64/python3.11/site-packages (from matplotlib) (2.8.2)
Requirement already satisfied: six>=1.5 in /cluster/apps/nss/gcc-11.4.0/python/3.11.6/x86_64/lib64/python3.11/site-packages (from python-dateutil>=2.7->matplotlib) (1.16.0)
Package                       Version
----------------------------- ------------
absl-py                       2.0.0
AccessControl                 6.3
Acquisition                   5.1
aiohttp                       3.9.1
aiohttp-cors                  0.7.0
aioredis                      2.0.1
aiosignal                     1.3.1
alabaster                     0.7.13
alembic                       1.13.1
amply                         0.1.6
anndata                       0.10.3
anyio                         4.1.0
appdirs                       1.4.4
argh                          0.30.4
argon2                        0.1.10
argon2-cffi                   23.1.0
argon2-cffi-bindings          21.2.0
array-api-compat              1.4
arrow                         1.3.0
asn1crypto                    1.5.1
astor                         0.8.1
asttokens                     2.4.1
astunparse                    1.6.3
async-generator               1.10
async-lru                     2.0.4
async-timeout                 4.0.3
atomicwrites                  1.4.1
attrs                         23.1.0
AuthEncoding                  5.0
Babel                         2.13.1
backcall                      0.2.0
beautifulsoup4                4.12.2
bids-validator                1.13.1
bleach                        6.1.0
blessings                     1.7
blosc2                        2.3.1
bokeh                         3.3.1
Bottleneck                    1.3.7
BTrees                        5.1
cachetools                    5.3.2
certifi                       2023.11.17
certipy                       0.1.3
cffi                          1.16.0
cftime                        1.6.3
Chameleon                     4.2.0
chardet                       5.2.0
charset-normalizer            3.3.2
clang                         16.0.1.1
click                         8.1.7
click-plugins                 1.1.1
cligj                         0.7.2
cloudpickle                   3.0.0
colorama                      0.4.6
colorful                      0.5.5
colorlog                      6.7.0
colorlover                    0.3.0
comm                          0.2.0
commonmark                    0.9.1
ConfigArgParse                1.7
configobj                     5.0.8
connection-pool               0.0.3
contourpy                     1.2.0
cryptography                  42.0.5
cycler                        0.12.1
Cython                        3.0.5
dask                          2023.11.0
DateTime                      5.3
datrie                        0.8.2
debugpy                       1.8.0
decorator                     5.1.1
deepdiff                      6.7.1
defusedxml                    0.7.1
Deprecated                    1.2.14
deprecation                   2.1.0
distributed                   2023.11.0
dm-tree                       0.1.8
dnspython                     2.4.2
docopt                        0.6.2
DocumentTemplate              4.6
docutils                      0.20.1
dpath                         2.1.6
entrypoints                   0.4
et-xmlfile                    1.1.0
executing                     2.0.1
ExtensionClass                5.1
fastjsonschema                2.19.0
filelock                      3.13.1
flit                          3.9.0
flit_core                     3.9.0
fonttools                     4.45.0
fqdn                          1.5.1
frozenlist                    1.4.0
fsspec                        2023.10.0
funcsigs                      1.0.2
future                        0.18.3
gitdb                         4.0.11
gitdb2                        4.0.2
GitPython                     3.1.40
google-api-core               2.14.0
google-auth                   2.23.4
google-pasta                  0.2.0
googleapis-common-protos      1.61.0
gprMax                        3.1.4
grabbit                       0.2.6
graphtools                    1.5.3
greenlet                      3.0.1
grpcio                        1.59.3
h5py                          3.10.0
HeapDict                      1.0.1
hiredis                       2.2.3
html5lib                      1.1
humanfriendly                 10.0
hyperopt                      0.2.7
hypothesis                    6.98.6
idna                          3.4
imageio                       2.33.0
imagesize                     1.4.1
importlib-metadata            6.8.0
importlib-resources           6.1.1
iniconfig                     2.0.0
install                       1.3.5
ipykernel                     6.27.0
ipython                       8.17.2
ipython-genutils              0.2.0
ipywidgets                    8.1.1
isodate                       0.6.1
isoduration                   20.11.0
jedi                          0.19.1
Jinja2                        3.1.2
joblib                        1.3.2
json5                         0.9.14
jsonargparse                  4.27.5
jsonpickle                    3.0.2
jsonpointer                   2.4
jsonschema                    4.20.0
jsonschema-specifications     2023.11.1
jupyter                       1.0.0
jupyter_client                8.6.0
jupyter-console               6.6.3
jupyter-contrib-core          0.4.2
jupyter_core                  5.5.0
jupyter-events                0.9.0
jupyter-lsp                   2.2.0
jupyter_server                2.10.1
jupyter_server_proxy          4.1.2
jupyter_server_terminals      0.4.4
jupyter-telemetry             0.1.0
jupyterhub                    4.1.0
jupyterlab                    4.0.9
jupyterlab-pygments           0.2.2
jupyterlab_server             2.25.2
jupyterlab-widgets            3.0.9
Keras-Preprocessing           1.1.2
kiwisolver                    1.4.5
lazy_loader                   0.3
libclang                      16.0.6
llvmlite                      0.42.0
locket                        1.0.0
lxml                          4.9.3
Mako                          1.3.2
Markdown                      3.5.1
MarkupSafe                    2.1.3
matplotlib                    3.8.2
matplotlib-inline             0.1.6
maturin                       1.3.2
meson                         1.3.2
mistune                       3.0.2
mock                          5.1.0
more-itertools                10.1.0
mpi4py                        3.1.6
mpmath                        1.3.0
msgpack                       1.0.7
multidict                     6.0.4
MultiMapping                  5.0
multipart                     0.2.4
natsort                       8.4.0
nbclassic                     1.0.0
nbclient                      0.9.0
nbconvert                     7.11.0
nbformat                      5.9.2
nbgitpuller                   1.2.0
ndindex                       1.7
nest-asyncio                  1.5.8
networkx                      3.2.1
nibabel                       5.1.0
ninja                         1.11.1.1
nose                          1.3.7
notebook                      7.0.6
notebook_shim                 0.2.3
num2words                     0.5.13
numba                         0.59.0
numexpr                       2.8.7
numpy                         1.26.2
oauthlib                      3.2.2
opencensus                    0.11.3
opencensus-context            0.1.3
opencv-python                 4.8.1.78
openpyxl                      3.1.2
opt-einsum                    3.3.0
ordered-set                   4.1.0
overrides                     7.4.0
packaging                     23.2
pamela                        1.1.0
pandas                        2.1.3
pandoc                        2.3
pandocfilters                 1.5.0
parso                         0.8.3
partd                         1.4.1
PasteDeploy                   3.0.1
pathtools                     0.1.2
patsy                         0.5.3
pbr                           6.0.0
Persistence                   4.1
persistent                    5.1
pexpect                       4.8.0
pickleshare                   0.7.5
Pillow                        10.1.0
Pint                          0.22
pip                           23.2.1
plac                          1.4.1
platformdirs                  4.0.0
plotly                        5.18.0
pluggy                        1.3.0
plumbum                       1.8.2
ply                           3.11
pooch                         1.8.0
prometheus-client             0.19.0
promise                       2.3
prompt-toolkit                3.0.41
protobuf                      4.25.1
psutil                        5.9.6
ptyprocess                    0.7.0
PuLP                          2.7.0
pure-eval                     0.2.2
py                            1.11.0
py-cpuinfo                    9.0.0
py-spy                        0.3.14
py4j                          0.10.9.7
pyasn1                        0.5.1
pyasn1-modules                0.3.0
pycollada                     0.7.2
pycparser                     2.21
pyface                        8.0.0
pyglet                        2.0.10
Pygments                      2.17.1
PyGSP                         0.5.1
pymongo                       4.6.0
Pyomo                         6.6.2
pyOpenSSL                     24.1.0
pyparsing                     3.1.1
Pyro4                         4.82
pyrsistent                    0.20.0
pyshp                         2.3.1
PySocks                       1.7.1
pytest                        7.4.4
python-dateutil               2.8.2
python-gettext                5.0
python-json-logger            2.0.7
python-louvain                0.16
pytoml                        0.1.21
pytz                          2023.3.post1
PyUtilib                      6.0.0
pyutillib                     0.3.0
PyWavelets                    1.5.0
PyYAML                        6.0.1
pyzmq                         25.1.1
qtconsole                     5.5.1
QtPy                          2.4.1
ratelimiter                   1.2.0.post0
rdflib                        7.0.0
redis                         5.0.1
referencing                   0.31.0
requests                      2.31.0
requests-oauthlib             1.3.1
reretry                       0.11.8
RestrictedPython              7.0
retry                         0.9.2
retrying                      1.3.4
rfc3339-validator             0.1.4
rfc3986-validator             0.1.1
roman                         4.1
rpds-py                       0.13.1
rsa                           4.9
Rtree                         1.1.0
ruamel.yaml                   0.18.6
ruamel.yaml.clib              0.2.8
scikit-image                  0.22.0
scikit-learn                  1.3.2
scipy                         1.11.4
seaborn                       0.13.0
Send2Trash                    1.8.2
sentry-sdk                    1.37.1
serpent                       1.41
setuptools                    65.5.0
setuptools-scm                8.0.4
shortuuid                     1.0.11
simpervisor                   1.0.0
simplegeneric                 0.8.1
simplejson                    3.19.2
six                           1.16.0
smart-open                    6.4.0
smmap                         5.0.1
smmap2                        3.0.1
snakemake                     7.32.4
sniffio                       1.3.0
snowballstemmer               2.2.0
sortedcontainers              2.4.0
soupsieve                     2.5
Sphinx                        7.2.6
sphinxcontrib-applehelp       1.0.7
sphinxcontrib-devhelp         1.0.5
sphinxcontrib-htmlhelp        2.0.4
sphinxcontrib-jsmath          1.0.1
sphinxcontrib-qthelp          1.0.6
sphinxcontrib-serializinghtml 1.1.9
sphinxcontrib-websupport      1.2.6
SQLAlchemy                    2.0.28
stack-data                    0.6.3
statsmodels                   0.14.0
stopit                        1.1.2
subprocess32                  3.5.4
svg.path                      6.3
sympy                         1.12
tables                        3.9.1
tabulate                      0.9.0
tasklogger                    1.2.0
tblib                         3.0.0
tenacity                      8.2.3
termcolor                     2.3.0
terminado                     0.18.0
terminaltables                3.1.10
testpath                      0.6.0
Theano                        1.0.5
threadpoolctl                 3.2.0
throttler                     1.2.2
tifffile                      2023.9.26
tinycss2                      1.2.1
toml                          0.10.2
tomli                         2.0.1
tomli_w                       1.0.0
toolz                         0.12.0
toposort                      1.10
tornado                       6.3.3
tqdm                          4.66.1
traitlets                     5.13.0
traits                        6.4.3
transaction                   4.0
trimesh                       4.0.5
types-python-dateutil         2.8.19.14
typing_extensions             4.8.0
tzdata                        2023.3
uri-template                  1.3.0
urllib3                       2.1.0
waitress                      2.1.2
wcwidth                       0.2.10
webcolors                     1.13
webencodings                  0.5.1
WebOb                         1.8.7
websocket-client              1.6.4
WebTest                       3.0.0
Werkzeug                      3.0.1
wheel                         0.41.3
widgetsnbextension            4.0.9
wrapt                         1.16.0
WSGIProxy2                    0.5.1
xengsort                      2.0.5
xlrd                          2.0.1
xxhash                        3.4.1
xyzservices                   2023.10.1
yarl                          1.9.3
yaspin                        3.0.1
yte                           1.5.1
z3c.pt                        4.0
zc.lockfile                   3.0.post1
ZConfig                       4.0
zExceptions                   5.0
zict                          3.0.0
zipp                          3.17.0
ZODB                          5.8.1
zodbpickle                    3.1
Zope                          5.8.6
zope.annotation               5.0
zope.browser                  3.0
zope.browsermenu              5.0
zope.browserpage              5.0
zope.browserresource          5.1
zope.cachedescriptors         5.0
zope.component                6.0
zope.configuration            5.0
zope.container                5.2
zope.contentprovider          5.0
zope.contenttype              5.1
zope.datetime                 5.0.0
zope.deferredimport           5.0
zope.deprecation              5.0
zope.dottedname               6.0
zope.event                    5.0
zope.exceptions               5.0.1
zope.filerepresentation       6.0
zope.globalrequest            2.0
zope.hookable                 6.0
zope.i18n                     5.1
zope.i18nmessageid            6.1.0
zope.interface                6.1
zope.lifecycleevent           5.0
zope.location                 5.0
zope.pagetemplate             5.0
zope.processlifetime          3.0
zope.proxy                    5.1
zope.ptresource               5.0
zope.publisher                7.0
zope.schema                   7.0.1
zope.security                 6.2
zope.sequencesort             5.0
zope.site                     5.0
zope.size                     5.0
zope.structuredtext           5.0
zope.tal                      5.0.1
zope.tales                    6.0
zope.testbrowser              6.0
zope.testing                  5.0.1
zope.traversing               5.0
zope.viewlet                  5.0
Running with 3 workers and 100 tasks and 10 runs
Running with 4 workers and 100 tasks and 10 runs
Running with 5 workers and 100 tasks and 10 runs
Running with 6 workers and 100 tasks and 10 runs
Running with 7 workers and 100 tasks and 10 runs
Running with 8 workers and 100 tasks and 10 runs
Running with 9 workers and 100 tasks and 10 runs
Running with 10 workers and 100 tasks and 10 runs
Running with 11 workers and 100 tasks and 10 runs
Running with 12 workers and 100 tasks and 10 runs
Running with 13 workers and 100 tasks and 10 runs
Running with 14 workers and 100 tasks and 10 runs
Running with 15 workers and 100 tasks and 10 runs
Running with 16 workers and 100 tasks and 10 runs
Running with 17 workers and 100 tasks and 10 runs
Running with 18 workers and 100 tasks and 10 runs
Running with 19 workers and 100 tasks and 10 runs
Running with 20 workers and 100 tasks and 10 runs
Running with 21 workers and 100 tasks and 10 runs
Running with 22 workers and 100 tasks and 10 runs
Running with 23 workers and 100 tasks and 10 runs
Running with 24 workers and 100 tasks and 10 runs
Running with 25 workers and 100 tasks and 10 runs
Running with 26 workers and 100 tasks and 10 runs
Running with 27 workers and 100 tasks and 10 runs
Running with 28 workers and 100 tasks and 10 runs
Running with 29 workers and 100 tasks and 10 runs
Running with 30 workers and 100 tasks and 10 runs
Running with 31 workers and 100 tasks and 10 runs
Running with 32 workers and 100 tasks and 10 runs
Running with 33 workers and 100 tasks and 10 runs
Running with 3 workers and 50 tasks and 10 runs
Running with 4 workers and 50 tasks and 10 runs
Running with 5 workers and 50 tasks and 10 runs
Running with 6 workers and 50 tasks and 10 runs
Running with 7 workers and 50 tasks and 10 runs
Running with 8 workers and 50 tasks and 10 runs
Running with 9 workers and 50 tasks and 10 runs
Running with 10 workers and 50 tasks and 10 runs
Running with 11 workers and 50 tasks and 10 runs
Running with 12 workers and 50 tasks and 10 runs
Running with 13 workers and 50 tasks and 10 runs
Running with 14 workers and 50 tasks and 10 runs
Running with 15 workers and 50 tasks and 10 runs
Running with 16 workers and 50 tasks and 10 runs
Running with 17 workers and 50 tasks and 10 runs
Running with 18 workers and 50 tasks and 10 runs
Running with 19 workers and 50 tasks and 10 runs
Running with 20 workers and 50 tasks and 10 runs
Running with 21 workers and 50 tasks and 10 runs
Running with 22 workers and 50 tasks and 10 runs
Running with 23 workers and 50 tasks and 10 runs
Running with 24 workers and 50 tasks and 10 runs
Running with 25 workers and 50 tasks and 10 runs
Running with 26 workers and 50 tasks and 10 runs
Running with 27 workers and 50 tasks and 10 runs
Running with 28 workers and 50 tasks and 10 runs
Running with 29 workers and 50 tasks and 10 runs
Running with 30 workers and 50 tasks and 10 runs
Running with 31 workers and 50 tasks and 10 runs
Running with 32 workers and 50 tasks and 10 runs
Running with 33 workers and 50 tasks and 10 runs
Done
