rm -f benchmark-naive benchmark-blocked benchmark-blas benchmark.o dgemm-naive.o dgemm-blocked.o dgemm-blas.o
gcc                          -c -Wall -std=gnu99 -O3                          benchmark.c
gcc                          -c -Wall -std=gnu99 -O3                          dgemm-naive.c
gcc                          -o benchmark-naive benchmark.o dgemm-naive.o -L/cluster/apps/gcc-11.4.0/openblas-0.3.20-ssgo6yxxzud3xbfabkvv77e6lpnq7hep -lopenblas              
gcc                          -c -Wall -std=gnu99 -O3                          dgemm-blocked.c
gcc                          -o benchmark-blocked benchmark.o dgemm-blocked.o -L/cluster/apps/gcc-11.4.0/openblas-0.3.20-ssgo6yxxzud3xbfabkvv77e6lpnq7hep -lopenblas              
gcc                          -c -Wall -std=gnu99 -O3                          dgemm-blas.c
gcc                          -o benchmark-blas benchmark.o dgemm-blas.o -L/cluster/apps/gcc-11.4.0/openblas-0.3.20-ssgo6yxxzud3xbfabkvv77e6lpnq7hep -lopenblas              
==== benchmark-naive ======================
# Description:	Naive, three-loop dgemm.

Size:       31	Gflop/s:     2.24	Percentage:    5.72
Size:       32	Gflop/s:     2.22	Percentage:    5.65
Size:       96	Gflop/s:     1.91	Percentage:    4.88
Size:       97	Gflop/s:     1.96	Percentage:    5.01
Size:      127	Gflop/s:     1.79	Percentage:    4.56
Size:      128	Gflop/s:     1.23	Percentage:    3.14
Size:      129	Gflop/s:     2.52	Percentage:    6.43
Size:      191	Gflop/s:     2.45	Percentage:    6.25
Size:      192	Gflop/s:     1.65	Percentage:    4.20
Size:      229	Gflop/s:     2.43	Percentage:    6.19
Size:      255	Gflop/s:     2.41	Percentage:    6.14
Size:      256	Gflop/s:     0.93	Percentage:    2.36
Size:      257	Gflop/s:     2.39	Percentage:    6.10
Size:      319	Gflop/s:     2.37	Percentage:    6.04
Size:      320	Gflop/s:     1.65	Percentage:    4.21
Size:      321	Gflop/s:     2.27	Percentage:    5.80
Size:      417	Gflop/s:     2.35	Percentage:    6.01
Size:      479	Gflop/s:     2.34	Percentage:    5.98
Size:      480	Gflop/s:     2.26	Percentage:    5.77
Size:      511	Gflop/s:     2.32	Percentage:    5.92
Size:      512	Gflop/s:     0.53	Percentage:    1.35
Size:      639	Gflop/s:     2.31	Percentage:    5.90
Size:      640	Gflop/s:     1.53	Percentage:    3.91
Size:      767	Gflop/s:     2.30	Percentage:    5.88
Size:      768	Gflop/s:     0.84	Percentage:    2.13
Size:      769	Gflop/s:     2.30	Percentage:    5.88
Size:      800	Gflop/s:     2.23	Percentage:    5.68
Size:      900	Gflop/s:     2.31	Percentage:    5.88
Size:     1000	Gflop/s:     2.30	Percentage:    5.86
Size:     1100	Gflop/s:     2.30	Percentage:    5.87
Size:     1200	Gflop/s:     2.27	Percentage:    5.80
# Average percentage of peak performance = 5.17768

==== benchmark-blas =======================
# Description:	Reference dgemm.

Size:       31	Gflop/s:    24.57	Percentage:   62.69
Size:       32	Gflop/s:    20.14	Percentage:   51.38
Size:       96	Gflop/s:    34.90	Percentage:   89.02
Size:       97	Gflop/s:    34.10	Percentage:   87.00
Size:      127	Gflop/s:    36.53	Percentage:   93.19
Size:      128	Gflop/s:    37.28	Percentage:   95.09
Size:      129	Gflop/s:    37.11	Percentage:   94.67
Size:      191	Gflop/s:    40.49	Percentage:  103.29
Size:      192	Gflop/s:    42.04	Percentage:  107.25
Size:      229	Gflop/s:    42.68	Percentage:  108.89
Size:      255	Gflop/s:    42.67	Percentage:  108.84
Size:      256	Gflop/s:    43.72	Percentage:  111.54
Size:      257	Gflop/s:    43.17	Percentage:  110.12
Size:      319	Gflop/s:    44.37	Percentage:  113.19
Size:      320	Gflop/s:    45.80	Percentage:  116.85
Size:      321	Gflop/s:    45.18	Percentage:  115.25
Size:      417	Gflop/s:    47.23	Percentage:  120.49
Size:      479	Gflop/s:    46.69	Percentage:  119.12
Size:      480	Gflop/s:    47.93	Percentage:  122.28
Size:      511	Gflop/s:    45.61	Percentage:  116.36
Size:      512	Gflop/s:    45.41	Percentage:  115.84
Size:      639	Gflop/s:    47.62	Percentage:  121.47
Size:      640	Gflop/s:    48.53	Percentage:  123.80
Size:      767	Gflop/s:    48.40	Percentage:  123.47
Size:      768	Gflop/s:    48.99	Percentage:  124.97
Size:      769	Gflop/s:    48.67	Percentage:  124.16
Size:      800	Gflop/s:    49.58	Percentage:  126.48
Size:      900	Gflop/s:    49.64	Percentage:  126.64
Size:     1000	Gflop/s:    49.96	Percentage:  127.44
Size:     1100	Gflop/s:    49.82	Percentage:  127.09
Size:     1200	Gflop/s:    49.87	Percentage:  127.21
# Average percentage of peak performance = 110.163

==== benchmark-blocked ====================
# Description:	Blocked dgemm.

Size:       31	Gflop/s:     3.98	Percentage:   10.15
Size:       32	Gflop/s:     3.87	Percentage:    9.88
Size:       96	Gflop/s:     3.21	Percentage:    8.19
Size:       97	Gflop/s:     3.48	Percentage:    8.87
Size:      127	Gflop/s:     3.52	Percentage:    8.97
Size:      128	Gflop/s:     1.71	Percentage:    4.37
Size:      129	Gflop/s:     3.54	Percentage:    9.03
Size:      191	Gflop/s:     3.50	Percentage:    8.93
Size:      192	Gflop/s:     2.99	Percentage:    7.62
Size:      229	Gflop/s:     3.47	Percentage:    8.84
Size:      255	Gflop/s:     3.39	Percentage:    8.65
Size:      256	Gflop/s:     0.84	Percentage:    2.15
Size:      257	Gflop/s:     3.38	Percentage:    8.63
Size:      319	Gflop/s:     3.39	Percentage:    8.66
Size:      320	Gflop/s:     2.93	Percentage:    7.48
Size:      321	Gflop/s:     3.36	Percentage:    8.56
Size:      417	Gflop/s:     3.39	Percentage:    8.64
Size:      479	Gflop/s:     3.30	Percentage:    8.41
Size:      480	Gflop/s:     3.11	Percentage:    7.94
Size:      511	Gflop/s:     3.31	Percentage:    8.45
Size:      512	Gflop/s:     0.51	Percentage:    1.31
Size:      639	Gflop/s:     3.35	Percentage:    8.56
Size:      640	Gflop/s:     1.63	Percentage:    4.16
Size:      767	Gflop/s:     3.35	Percentage:    8.55
Size:      768	Gflop/s:     0.82	Percentage:    2.10
Size:      769	Gflop/s:     3.36	Percentage:    8.56
Size:      800	Gflop/s:     3.12	Percentage:    7.96
Size:      900	Gflop/s:     3.32	Percentage:    8.47
Size:     1000	Gflop/s:     3.30	Percentage:    8.42
Size:     1100	Gflop/s:     3.29	Percentage:    8.39
Size:     1200	Gflop/s:     3.22	Percentage:    8.21
# Average percentage of peak performance = 7.64933

==== plot results =========================
