rm -f benchmark-naive benchmark-blocked benchmark-blas benchmark.o dgemm-naive.o dgemm-blocked.o dgemm-blas.o
gcc                          -c -Wall -std=gnu99 -O3                          benchmark.c
gcc                          -c -Wall -std=gnu99 -O3                          dgemm-naive.c
gcc                          -o benchmark-naive benchmark.o dgemm-naive.o -L/cluster/apps/gcc-11.4.0/openblas-0.3.20-ssgo6yxxzud3xbfabkvv77e6lpnq7hep -lopenblas              
gcc                          -c -Wall -std=gnu99 -O3                          dgemm-blocked.c
gcc                          -o benchmark-blocked benchmark.o dgemm-blocked.o -L/cluster/apps/gcc-11.4.0/openblas-0.3.20-ssgo6yxxzud3xbfabkvv77e6lpnq7hep -lopenblas              
gcc                          -c -Wall -std=gnu99 -O3                          dgemm-blas.c
gcc                          -o benchmark-blas benchmark.o dgemm-blas.o -L/cluster/apps/gcc-11.4.0/openblas-0.3.20-ssgo6yxxzud3xbfabkvv77e6lpnq7hep -lopenblas              
==== benchmark-naive ======================
# Description:	Naive, three-loop dgemm.

Size:       31	Gflop/s:     2.24	Percentage:    5.72
Size:       32	Gflop/s:     2.21	Percentage:    5.65
Size:       96	Gflop/s:     1.87	Percentage:    4.77
Size:       97	Gflop/s:     1.95	Percentage:    4.98
Size:      127	Gflop/s:     1.77	Percentage:    4.52
Size:      128	Gflop/s:     1.25	Percentage:    3.20
Size:      129	Gflop/s:     2.51	Percentage:    6.40
Size:      191	Gflop/s:     2.46	Percentage:    6.28
Size:      192	Gflop/s:     1.64	Percentage:    4.17
Size:      229	Gflop/s:     2.41	Percentage:    6.14
Size:      255	Gflop/s:     2.41	Percentage:    6.14
Size:      256	Gflop/s:     0.92	Percentage:    2.35
Size:      257	Gflop/s:     2.41	Percentage:    6.14
Size:      319	Gflop/s:     2.37	Percentage:    6.05
Size:      320	Gflop/s:     1.59	Percentage:    4.05
Size:      321	Gflop/s:     2.37	Percentage:    6.05
Size:      417	Gflop/s:     2.35	Percentage:    6.00
Size:      479	Gflop/s:     2.33	Percentage:    5.94
Size:      480	Gflop/s:     2.25	Percentage:    5.74
Size:      511	Gflop/s:     2.30	Percentage:    5.87
Size:      512	Gflop/s:     0.51	Percentage:    1.31
Size:      639	Gflop/s:     2.30	Percentage:    5.86
Size:      640	Gflop/s:     1.59	Percentage:    4.05
Size:      767	Gflop/s:     2.30	Percentage:    5.88
Size:      768	Gflop/s:     0.75	Percentage:    1.91
Size:      769	Gflop/s:     2.30	Percentage:    5.87
Size:      800	Gflop/s:     2.21	Percentage:    5.63
Size:      900	Gflop/s:     2.30	Percentage:    5.86
Size:     1000	Gflop/s:     2.29	Percentage:    5.83
Size:     1100	Gflop/s:     2.31	Percentage:    5.88
Size:     1200	Gflop/s:     2.28	Percentage:    5.81
# Average percentage of peak performance = 5.163

==== benchmark-blas =======================
# Description:	Reference dgemm.

Size:       31	Gflop/s:    24.62	Percentage:   62.81
Size:       32	Gflop/s:    20.03	Percentage:   51.10
Size:       96	Gflop/s:    34.93	Percentage:   89.10
Size:       97	Gflop/s:    34.23	Percentage:   87.33
Size:      127	Gflop/s:    36.72	Percentage:   93.67
Size:      128	Gflop/s:    37.50	Percentage:   95.65
Size:      129	Gflop/s:    37.31	Percentage:   95.19
Size:      191	Gflop/s:    40.72	Percentage:  103.87
Size:      192	Gflop/s:    41.26	Percentage:  105.27
Size:      229	Gflop/s:    42.73	Percentage:  108.99
Size:      255	Gflop/s:    42.78	Percentage:  109.14
Size:      256	Gflop/s:    44.06	Percentage:  112.39
Size:      257	Gflop/s:    43.19	Percentage:  110.18
Size:      319	Gflop/s:    44.52	Percentage:  113.56
Size:      320	Gflop/s:    45.73	Percentage:  116.66
Size:      321	Gflop/s:    45.47	Percentage:  115.99
Size:      417	Gflop/s:    47.25	Percentage:  120.53
Size:      479	Gflop/s:    47.04	Percentage:  120.01
Size:      480	Gflop/s:    48.47	Percentage:  123.65
Size:      511	Gflop/s:    46.75	Percentage:  119.25
Size:      512	Gflop/s:    45.97	Percentage:  117.27
Size:      639	Gflop/s:    48.13	Percentage:  122.79
Size:      640	Gflop/s:    48.79	Percentage:  124.45
Size:      767	Gflop/s:    48.66	Percentage:  124.12
Size:      768	Gflop/s:    49.13	Percentage:  125.34
Size:      769	Gflop/s:    47.96	Percentage:  122.35
Size:      800	Gflop/s:    49.37	Percentage:  125.95
Size:      900	Gflop/s:    49.96	Percentage:  127.45
Size:     1000	Gflop/s:    50.71	Percentage:  129.36
Size:     1100	Gflop/s:    50.15	Percentage:  127.94
Size:     1200	Gflop/s:    49.39	Percentage:  126.00
# Average percentage of peak performance = 110.56

==== benchmark-blocked ====================
# Description:	Blocked dgemm.

Size:       31	Gflop/s:     3.36	Percentage:    8.57
Size:       32	Gflop/s:     2.69	Percentage:    6.87
Size:       96	Gflop/s:     2.83	Percentage:    7.21
Size:       97	Gflop/s:     2.94	Percentage:    7.49
Size:      127	Gflop/s:     3.06	Percentage:    7.81
Size:      128	Gflop/s:     1.67	Percentage:    4.27
Size:      129	Gflop/s:     3.00	Percentage:    7.65
Size:      191	Gflop/s:     2.99	Percentage:    7.64
Size:      192	Gflop/s:     1.98	Percentage:    5.05
Size:      229	Gflop/s:     2.91	Percentage:    7.44
Size:      255	Gflop/s:     2.94	Percentage:    7.50
Size:      256	Gflop/s:     0.84	Percentage:    2.15
Size:      257	Gflop/s:     2.97	Percentage:    7.58
Size:      319	Gflop/s:     2.90	Percentage:    7.39
Size:      320	Gflop/s:     1.93	Percentage:    4.92
Size:      321	Gflop/s:     2.92	Percentage:    7.45
Size:      417	Gflop/s:     2.85	Percentage:    7.27
Size:      479	Gflop/s:     2.86	Percentage:    7.29
Size:      480	Gflop/s:     2.69	Percentage:    6.85
Size:      511	Gflop/s:     2.75	Percentage:    7.02
Size:      512	Gflop/s:     0.52	Percentage:    1.34
Size:      639	Gflop/s:     2.82	Percentage:    7.19
Size:      640	Gflop/s:     1.55	Percentage:    3.96
Size:      767	Gflop/s:     2.80	Percentage:    7.15
Size:      768	Gflop/s:     0.85	Percentage:    2.16
Size:      769	Gflop/s:     2.84	Percentage:    7.24
Size:      800	Gflop/s:     2.63	Percentage:    6.71
Size:      900	Gflop/s:     2.75	Percentage:    7.01
Size:     1000	Gflop/s:     2.75	Percentage:    7.01
Size:     1100	Gflop/s:     2.74	Percentage:    6.99
Size:     1200	Gflop/s:     2.71	Percentage:    6.92
# Average percentage of peak performance = 6.42182

==== plot results =========================
