Benchmarking bisection methods...
Benchmarking mesh1e1 mesh...
Benchmarking mesh2e1 mesh...
Benchmarking mesh3e1 mesh...
Benchmarking airfoil1 mesh...
Benchmarking netz4504_dual mesh...
Benchmarking stufe mesh...
Benchmarking 3elt mesh...
Benchmarking barth4 mesh...
Benchmarking ukerbe1 mesh...
Benchmarking crack mesh...
┌───────────────┬────────────┬─────────┬──────────┬──────────┐
│          Mesh │ Coordinate │   Metis │ Inertial │ Spectral │
│               │            │ v.5.1.0 │          │          │
├───────────────┼────────────┼─────────┼──────────┼──────────┤
│       mesh1e1 │       18.0 │    17.0 │     20.0 │     17.0 │
│       mesh2e1 │       37.0 │    34.0 │     47.0 │     35.0 │
│       mesh3e1 │       19.0 │    18.0 │     22.0 │     26.0 │
│      airfoil1 │       94.0 │    73.0 │     93.0 │     59.0 │
│ netz4504_dual │       25.0 │    20.0 │     27.0 │     24.0 │
│         stufe │       16.0 │    17.0 │     16.0 │     16.0 │
│          3elt │      172.0 │    90.0 │    257.0 │     94.0 │
│        barth4 │      206.0 │   100.0 │    208.0 │     96.0 │
│       ukerbe1 │       32.0 │    30.0 │     28.0 │     28.0 │
│         crack │      353.0 │   200.0 │    384.0 │    232.0 │
└───────────────┴────────────┴─────────┴──────────┴──────────┘

Benchmarking recursive bisection...
Benchmarking mesh3e1 mesh...
Benchmarking airfoil1 mesh...
Benchmarking netz4504_dual mesh...
Benchmarking stufe mesh...
Benchmarking 3elt mesh...
Benchmarking barth4 mesh...
Benchmarking ukerbe1 mesh...
Benchmarking crack mesh...
┌───────────────┬────────────┬────────────┬──────────────┬─────────────┬───────────────────┬──────────────────┬──────────┬──────────┬──────────┬──────────┐
│          Mesh │ Coordinate │ Coordinate │ Metis (KWAY) │ Metis(KWAY) │ Metis (RECURSIVE) │ Metis(RECURSIVE) │ Inertial │ Inertial │ Spectral │ Spectral │
│               │    8 parts │   16 parts │      8 parts │    16 parts │           8 parts │         16 parts │  8 parts │ 16 parts │  8 parts │ 16 parts │
├───────────────┼────────────┼────────────┼──────────────┼─────────────┼───────────────────┼──────────────────┼──────────┼──────────┼──────────┼──────────┤
│       mesh3e1 │       75.0 │      118.0 │         71.0 │       217.0 │              74.0 │            112.0 │     86.0 │    300.0 │     70.0 │    113.0 │
│      airfoil1 │      516.0 │      819.0 │        321.0 │       545.0 │             324.0 │            566.0 │    670.0 │   1081.0 │    327.0 │    578.0 │
│ netz4504_dual │      127.0 │      198.0 │         99.0 │       160.0 │             101.0 │            159.0 │    166.0 │    270.0 │    105.0 │    174.0 │
│         stufe │      123.0 │      228.0 │        113.0 │       193.0 │             110.0 │            196.0 │    322.0 │    605.0 │    124.0 │    216.0 │
│          3elt │      733.0 │     1168.0 │        383.0 │       636.0 │             402.0 │            645.0 │    814.0 │   1230.0 │    372.0 │    671.0 │
│        barth4 │      875.0 │     1306.0 │        419.0 │       683.0 │             409.0 │            716.0 │    977.0 │   1494.0 │    505.0 │    758.0 │
│       ukerbe1 │      225.0 │      374.0 │        119.0 │       230.0 │             140.0 │            237.0 │    340.0 │    498.0 │    116.0 │    226.0 │
│         crack │     1344.0 │     1861.0 │        776.0 │      1186.0 │             736.0 │           1238.0 │   1351.0 │   1884.0 │    804.0 │   1303.0 │
└───────────────┴────────────┴────────────┴──────────────┴─────────────┴───────────────────┴──────────────────┴──────────┴──────────┴──────────┴──────────┘
Done
