rm -f build/*.o build/powermethod_rows
mpicc -c -O3  powermethod_rows.c -o build/powermethod_rows.o
mpicc -c -O3  walltime.c -o build/walltime.o
mpicc -lm  build/powermethod_rows.o build/walltime.o -o build/powermethod_rows
Running strong benchmark for processes: [64]
Number of runs: 15
64 processes (15 runs) and size 10000 (156 per process) host: eu-a2p-277
		Running benchmark for 64 processes, 10000 size, 3000 iterations, tol=-1e-06
	0: time: 18.621272
		Running benchmark for 64 processes, 10000 size, 3000 iterations, tol=-1e-06
	1: time: 22.81013
		Running benchmark for 64 processes, 10000 size, 3000 iterations, tol=-1e-06
	2: time: 25.680061
		Running benchmark for 64 processes, 10000 size, 3000 iterations, tol=-1e-06
	3: time: 24.714246
		Running benchmark for 64 processes, 10000 size, 3000 iterations, tol=-1e-06
	4: time: 21.30837
		Running benchmark for 64 processes, 10000 size, 3000 iterations, tol=-1e-06
	5: time: 24.676927
		Running benchmark for 64 processes, 10000 size, 3000 iterations, tol=-1e-06
	6: time: 25.028277
		Running benchmark for 64 processes, 10000 size, 3000 iterations, tol=-1e-06
	7: time: 26.716171
		Running benchmark for 64 processes, 10000 size, 3000 iterations, tol=-1e-06
	8: time: 23.14121
		Running benchmark for 64 processes, 10000 size, 3000 iterations, tol=-1e-06
	9: time: 25.43095
		Running benchmark for 64 processes, 10000 size, 3000 iterations, tol=-1e-06
	10: time: 26.600163
		Running benchmark for 64 processes, 10000 size, 3000 iterations, tol=-1e-06
	11: time: 24.663068
		Running benchmark for 64 processes, 10000 size, 3000 iterations, tol=-1e-06
	12: time: 22.812112
		Running benchmark for 64 processes, 10000 size, 3000 iterations, tol=-1e-06
	13: time: 24.343775
		Running benchmark for 64 processes, 10000 size, 3000 iterations, tol=-1e-06
	14: time: 25.75971
